<?xml version="1.0" encoding="UTF-8"?>
<!-- Generated by org.testng.reporters.JUnitReportReporter -->
<testsuite hostname="Aidan-Laptop" failures="0" tests="10" name="UITest.CustomerSearchTests" time="66.139" errors="0" timestamp="13 May 2021 20:06:52 GMT">
  <testcase classname="UITest.CustomerSearchTests" name="SearchByOnlyCity" time="6.285"/>
  <testcase classname="UITest.CustomerSearchTests" name="SearchByOnlyState" time="6.265"/>
  <testcase classname="UITest.CustomerSearchTests" name="SearchByOnlyName" time="6.345"/>
  <testcase classname="UITest.CustomerSearchTests" name="SearchByOnlyZip" time="6.288"/>
  <testcase classname="UITest.CustomerSearchTests" name="SearchByMultipleNameAndAddress" time="7.345"/>
  <testcase classname="UITest.CustomerSearchTests" name="SearchByAllFields" time="5.293"/>
  <testcase classname="UITest.CustomerSearchTests" name="SearchByOnlyCode" time="7.424"/>
  <testcase classname="UITest.CustomerSearchTests" name="SearchByOnlyNote" time="6.293"/>
  <testcase classname="UITest.CustomerSearchTests" name="SearchByOnlyAddress" time="6.306"/>
  <testcase classname="UITest.CustomerSearchTests" name="SearchByOnlyPhone" time="8.295"/>
</testsuite> <!-- UITest.CustomerSearchTests -->
