<?xml version="1.0" encoding="UTF-8"?>
<!-- Generated by org.testng.reporters.JUnitReportReporter -->
<testsuite hostname="Aidan-Laptop" failures="0" tests="16" name="UITest.CustomerSortTests" time="38.470" errors="0" timestamp="9 May 2021 03:49:04 GMT">
  <testcase classname="UITest.CustomerSortTests" name="SortNoteDescend" time="2.393"/>
  <testcase classname="UITest.CustomerSortTests" name="SortAddressAscend" time="2.415"/>
  <testcase classname="UITest.CustomerSortTests" name="SortAddressDescend" time="2.378"/>
  <testcase classname="UITest.CustomerSortTests" name="SortCityDescend" time="2.399"/>
  <testcase classname="UITest.CustomerSortTests" name="SortPhoneAscend" time="2.426"/>
  <testcase classname="UITest.CustomerSortTests" name="SortNoteAscend" time="2.386"/>
  <testcase classname="UITest.CustomerSortTests" name="SortStateDescend" time="2.411"/>
  <testcase classname="UITest.CustomerSortTests" name="SortNameAscend" time="2.425"/>
  <testcase classname="UITest.CustomerSortTests" name="SortZipAscend" time="2.408"/>
  <testcase classname="UITest.CustomerSortTests" name="SortPhoneDescend" time="2.389"/>
  <testcase classname="UITest.CustomerSortTests" name="SortCodeAscend" time="2.461"/>
  <testcase classname="UITest.CustomerSortTests" name="SortZipDescend" time="2.395"/>
  <testcase classname="UITest.CustomerSortTests" name="SortStateAscend" time="2.394"/>
  <testcase classname="UITest.CustomerSortTests" name="SortCityAscend" time="2.414"/>
  <testcase classname="UITest.CustomerSortTests" name="SortCodeDescend" time="2.401"/>
  <testcase classname="UITest.CustomerSortTests" name="SortNameDescend" time="2.375"/>
</testsuite> <!-- UITest.CustomerSortTests -->
