<?xml version="1.0" encoding="UTF-8"?>
<!-- Generated by org.testng.reporters.JUnitReportReporter -->
<testsuite hostname="Aidan-Laptop" failures="0" tests="13" name="UITest.CustomerPageTests" time="87.818" errors="0" timestamp="2 May 2021 05:11:34 GMT">
  <testcase classname="UITest.CustomerPageTests" name="PaginationNextPageTest" time="3.086"/>
  <testcase classname="UITest.CustomerPageTests" name="PaginationPreviousPageTest" time="3.088"/>
  <testcase classname="UITest.CustomerPageTests" name="VerifySortAscendTest" time="2.394"/>
  <testcase classname="UITest.CustomerPageTests" name="VerifySingelEditTest" time="9.230"/>
  <testcase classname="UITest.CustomerPageTests" name="PaginationFirstPageTest" time="3.077"/>
  <testcase classname="UITest.CustomerPageTests" name="VerifyMultiDeleteTest" time="6.141"/>
  <testcase classname="UITest.CustomerPageTests" name="PaginationLastPageTest" time="3.073"/>
  <testcase classname="UITest.CustomerPageTests" name="ViewTest" time="3.024"/>
  <testcase classname="UITest.CustomerPageTests" name="VerifyAddTest" time="11.754"/>
  <testcase classname="UITest.CustomerPageTests" name="VerifySingelDeleteTest" time="6.119"/>
  <testcase classname="UITest.CustomerPageTests" name="VerifyMultiEditTest" time="31.287"/>
  <testcase classname="UITest.CustomerPageTests" name="VerifySortDescendTest" time="2.387"/>
  <testcase classname="UITest.CustomerPageTests" name="VerifySingelEditFormTest" time="3.158"/>
</testsuite> <!-- UITest.CustomerPageTests -->
