<?xml version="1.0" encoding="UTF-8"?>
<!-- Generated by org.testng.reporters.JUnitReportReporter -->
<testsuite hostname="Aidan-Laptop" failures="0" tests="16" name="UITest.CustomerSortTests" time="38.464" errors="0" timestamp="10 May 2021 03:48:49 GMT">
  <testcase classname="UITest.CustomerSortTests" name="SortNoteDescend" time="2.387"/>
  <testcase classname="UITest.CustomerSortTests" name="SortAddressAscend" time="2.413"/>
  <testcase classname="UITest.CustomerSortTests" name="SortAddressDescend" time="2.427"/>
  <testcase classname="UITest.CustomerSortTests" name="SortCityDescend" time="2.392"/>
  <testcase classname="UITest.CustomerSortTests" name="SortPhoneAscend" time="2.409"/>
  <testcase classname="UITest.CustomerSortTests" name="SortNoteAscend" time="2.393"/>
  <testcase classname="UITest.CustomerSortTests" name="SortStateDescend" time="2.396"/>
  <testcase classname="UITest.CustomerSortTests" name="SortNameAscend" time="2.412"/>
  <testcase classname="UITest.CustomerSortTests" name="SortZipAscend" time="2.405"/>
  <testcase classname="UITest.CustomerSortTests" name="SortPhoneDescend" time="2.390"/>
  <testcase classname="UITest.CustomerSortTests" name="SortCodeAscend" time="2.471"/>
  <testcase classname="UITest.CustomerSortTests" name="SortZipDescend" time="2.386"/>
  <testcase classname="UITest.CustomerSortTests" name="SortStateAscend" time="2.399"/>
  <testcase classname="UITest.CustomerSortTests" name="SortCityAscend" time="2.398"/>
  <testcase classname="UITest.CustomerSortTests" name="SortCodeDescend" time="2.393"/>
  <testcase classname="UITest.CustomerSortTests" name="SortNameDescend" time="2.393"/>
</testsuite> <!-- UITest.CustomerSortTests -->
