<?xml version="1.0" encoding="UTF-8"?>
<!-- Generated by org.testng.reporters.JUnitReportReporter -->
<testsuite hostname="Aidan-Laptop" failures="0" tests="9" name="UITest.CustomerPageViewTests" time="22.910" errors="0" timestamp="12 May 2021 00:14:51 GMT">
  <testcase classname="UITest.CustomerPageViewTests" name="PaginationFirstPage" time="2.082"/>
  <testcase classname="UITest.CustomerPageViewTests" name="PaginationNextPage" time="2.121"/>
  <testcase classname="UITest.CustomerPageViewTests" name="CustomerTableView" time="2.031"/>
  <testcase classname="UITest.CustomerPageViewTests" name="PaginationItemsPerPage25" time="3.118"/>
  <testcase classname="UITest.CustomerPageViewTests" name="PaginationLastPage" time="2.085"/>
  <testcase classname="UITest.CustomerPageViewTests" name="PaginationItemsPerPage10" time="3.148"/>
  <testcase classname="UITest.CustomerPageViewTests" name="PaginationPreviousPage" time="2.093"/>
  <testcase classname="UITest.CustomerPageViewTests" name="PaginationItemsPerPage50" time="3.120"/>
  <testcase classname="UITest.CustomerPageViewTests" name="PaginationItemsPerPage100" time="3.112"/>
</testsuite> <!-- UITest.CustomerPageViewTests -->
