<?xml version="1.0" encoding="UTF-8"?>
<!-- Generated by org.testng.reporters.JUnitReportReporter -->
<testsuite hostname="Aidan-Laptop" failures="0" tests="1" name="UITest.LoginTest" time="6.253" errors="0" timestamp="9 May 2021 03:52:39 GMT">
  <testcase classname="UITest.LoginTest" name="loginTest" time="6.253"/>
</testsuite> <!-- UITest.LoginTest -->
