<?xml version="1.0" encoding="UTF-8"?>
<!-- Generated by org.testng.reporters.JUnitReportReporter -->
<testsuite hostname="Aidan-Laptop" failures="0" tests="1" name="UITest.LoginTest" time="6.224" errors="0" timestamp="1 May 2021 05:42:55 GMT">
  <testcase classname="UITest.LoginTest" name="loginTest" time="6.224"/>
</testsuite> <!-- UITest.LoginTest -->
