<?xml version="1.0" encoding="UTF-8"?>
<!-- Generated by org.testng.reporters.JUnitReportReporter -->
<testsuite hostname="Aidan-Laptop" failures="0" tests="6" name="UITest.CustomerCRUDTests" time="75.900" errors="0" timestamp="10 May 2021 04:29:42 GMT">
  <testcase classname="UITest.CustomerCRUDTests" name="CustomerMultiDelete" time="9.285"/>
  <testcase classname="UITest.CustomerCRUDTests" name="CustomerSingleDelete" time="8.232"/>
  <testcase classname="UITest.CustomerCRUDTests" name="CustomerSingelEditFormView" time="3.168"/>
  <testcase classname="UITest.CustomerCRUDTests" name="CustomerAddNewCustomer" time="12.711"/>
  <testcase classname="UITest.CustomerCRUDTests" name="CustomerSingleEdit" time="9.228"/>
  <testcase classname="UITest.CustomerCRUDTests" name="CustomerMultiEdit" time="33.276"/>
</testsuite> <!-- UITest.CustomerCRUDTests -->
