<?xml version="1.0" encoding="UTF-8"?>
<!-- Generated by org.testng.reporters.JUnitReportReporter -->
<testsuite hostname="Aidan-Laptop" failures="0" tests="1" name="UITest.LoginTest" time="6.256" errors="0" timestamp="10 May 2021 03:17:43 GMT">
  <testcase classname="UITest.LoginTest" name="loginTest" time="6.256"/>
</testsuite> <!-- UITest.LoginTest -->
