<?xml version="1.0" encoding="UTF-8"?>
<!-- Generated by org.testng.reporters.JUnitReportReporter -->
<testsuite hostname="Aidan-Laptop" failures="0" tests="5" name="UITest.CustomerCRUDTests" time="74.904" errors="0" timestamp="16 May 2021 03:37:09 GMT">
  <testcase classname="UITest.CustomerCRUDTests" name="CustomerMultiDelete" time="9.298"/>
  <testcase classname="UITest.CustomerCRUDTests" name="CustomerAddNewCustomer" time="12.740"/>
  <testcase classname="UITest.CustomerCRUDTests" name="CustomerMultiEdit" time="33.240"/>
  <testcase classname="UITest.CustomerCRUDTests" name="CustomerSingleEdit" time="11.386"/>
  <testcase classname="UITest.CustomerCRUDTests" name="CustomerSingleDelete" time="8.240"/>
</testsuite> <!-- UITest.CustomerCRUDTests -->
