<?xml version="1.0" encoding="UTF-8"?>
<!-- Generated by org.testng.reporters.JUnitReportReporter -->
<testsuite hostname="Aidan-Laptop" failures="0" tests="1" name="UITest.CustomerCRUDTests" time="23.222" errors="0" timestamp="16 May 2021 04:05:56 GMT">
  <testcase classname="UITest.CustomerCRUDTests" name="CustomerSingleDelete" time="23.222"/>
</testsuite> <!-- UITest.CustomerCRUDTests -->
