<?xml version="1.0" encoding="UTF-8"?>
<!-- Generated by org.testng.reporters.JUnitReportReporter -->
<testsuite hostname="Aidan-Laptop" failures="0" tests="10" name="UITest.CustomerSearchTests" time="66.017" errors="0" timestamp="10 May 2021 03:47:40 GMT">
  <testcase classname="UITest.CustomerSearchTests" name="SearchByOnlyCity" time="6.270"/>
  <testcase classname="UITest.CustomerSearchTests" name="SearchByOnlyState" time="6.270"/>
  <testcase classname="UITest.CustomerSearchTests" name="SearchByOnlyName" time="6.311"/>
  <testcase classname="UITest.CustomerSearchTests" name="SearchByOnlyZip" time="6.285"/>
  <testcase classname="UITest.CustomerSearchTests" name="SearchByMultipleNameAndAddress" time="7.317"/>
  <testcase classname="UITest.CustomerSearchTests" name="SearchByAllFields" time="5.319"/>
  <testcase classname="UITest.CustomerSearchTests" name="SearchByOnlyCode" time="7.427"/>
  <testcase classname="UITest.CustomerSearchTests" name="SearchByOnlyNote" time="6.266"/>
  <testcase classname="UITest.CustomerSearchTests" name="SearchByOnlyAddress" time="6.295"/>
  <testcase classname="UITest.CustomerSearchTests" name="SearchByOnlyPhone" time="8.257"/>
</testsuite> <!-- UITest.CustomerSearchTests -->
