<?xml version="1.0" encoding="UTF-8"?>
<!-- Generated by org.testng.reporters.JUnitReportReporter -->
<testsuite hostname="Aidan-Laptop" failures="0" tests="6" name="UITest.CustomerPageTests" time="67.681" errors="0" timestamp="2 May 2021 04:26:34 GMT">
  <testcase classname="UITest.CustomerPageTests" name="VerifyMultiDeleteTest" time="6.139"/>
  <testcase classname="UITest.CustomerPageTests" name="VerifySingelEditTest" time="9.246"/>
  <testcase classname="UITest.CustomerPageTests" name="VerifyMultiEditTest" time="31.276"/>
  <testcase classname="UITest.CustomerPageTests" name="VerifySingelDeleteTest" time="6.115"/>
  <testcase classname="UITest.CustomerPageTests" name="VerifyAddTest" time="11.761"/>
  <testcase classname="UITest.CustomerPageTests" name="VerifySingelEditFormTest" time="3.144"/>
</testsuite> <!-- UITest.CustomerPageTests -->
