<?xml version="1.0" encoding="UTF-8"?>
<!-- Generated by org.testng.reporters.JUnitReportReporter -->
<testsuite hostname="Aidan-Laptop" failures="0" tests="10" name="UITest.CustomerSearchTests" time="65.980" errors="0" timestamp="9 May 2021 05:10:10 GMT">
  <testcase classname="UITest.CustomerSearchTests" name="SearchByOnlyCity" time="6.279"/>
  <testcase classname="UITest.CustomerSearchTests" name="SearchByOnlyState" time="6.258"/>
  <testcase classname="UITest.CustomerSearchTests" name="SearchByOnlyName" time="6.298"/>
  <testcase classname="UITest.CustomerSearchTests" name="SearchByOnlyZip" time="6.269"/>
  <testcase classname="UITest.CustomerSearchTests" name="SearchByMultipleNameAndAddress" time="7.312"/>
  <testcase classname="UITest.CustomerSearchTests" name="SearchByAllFields" time="5.297"/>
  <testcase classname="UITest.CustomerSearchTests" name="SearchByOnlyCode" time="7.404"/>
  <testcase classname="UITest.CustomerSearchTests" name="SearchByOnlyNote" time="6.300"/>
  <testcase classname="UITest.CustomerSearchTests" name="SearchByOnlyAddress" time="6.302"/>
  <testcase classname="UITest.CustomerSearchTests" name="SearchByOnlyPhone" time="8.261"/>
</testsuite> <!-- UITest.CustomerSearchTests -->
