<?xml version="1.0" encoding="UTF-8"?>
<!-- Generated by org.testng.reporters.JUnitReportReporter -->
<testsuite hostname="Aidan-Laptop" failures="0" tests="1" name="UITest.CustomerSearchTests" time="6.352" errors="0" timestamp="9 May 2021 04:36:25 GMT">
  <testcase classname="UITest.CustomerSearchTests" name="SearchByOnlyName" time="6.352"/>
</testsuite> <!-- UITest.CustomerSearchTests -->
