<?xml version="1.0" encoding="UTF-8"?>
<!-- Generated by org.testng.reporters.JUnitReportReporter -->
<testsuite hostname="Aidan-Laptop" failures="0" tests="5" name="UITest.CustomerCRUDIndependentTests" time="125.866" errors="0" timestamp="16 May 2021 04:26:17 GMT">
  <testcase classname="UITest.CustomerCRUDIndependentTests" name="CustomerMultiDelete" time="34.799"/>
  <testcase classname="UITest.CustomerCRUDIndependentTests" name="CustomerMultiEdit" time="23.317"/>
  <testcase classname="UITest.CustomerCRUDIndependentTests" name="CustomerSingleDelete" time="23.227"/>
  <testcase classname="UITest.CustomerCRUDIndependentTests" name="CustomerAddNewCustomer" time="21.394"/>
  <testcase classname="UITest.CustomerCRUDIndependentTests" name="CustomerSingleEdit" time="23.129"/>
</testsuite> <!-- UITest.CustomerCRUDIndependentTests -->
