<?xml version="1.0" encoding="UTF-8"?>
<!-- Generated by org.testng.reporters.JUnitReportReporter -->
<testsuite hostname="Aidan-Laptop" failures="0" tests="5" name="UITest.CustomerPageViewTests" time="10.386" errors="0" timestamp="9 May 2021 04:35:10 GMT">
  <testcase classname="UITest.CustomerPageViewTests" name="PaginationNextPageTest" time="2.105"/>
  <testcase classname="UITest.CustomerPageViewTests" name="PaginationFirstPageTest" time="2.083"/>
  <testcase classname="UITest.CustomerPageViewTests" name="ViewTest" time="2.031"/>
  <testcase classname="UITest.CustomerPageViewTests" name="PaginationLastPageTest" time="2.079"/>
  <testcase classname="UITest.CustomerPageViewTests" name="PaginationPreviousPageTest" time="2.088"/>
</testsuite> <!-- UITest.CustomerPageViewTests -->
