<?xml version="1.0" encoding="UTF-8"?>
<!-- Generated by org.testng.reporters.JUnitReportReporter -->
<testsuite hostname="Aidan-Laptop" failures="0" tests="16" name="UITest.CustomerSortTests" time="38.601" errors="0" timestamp="13 May 2021 20:07:48 GMT">
  <testcase classname="UITest.CustomerSortTests" name="SortNoteDescend" time="2.402"/>
  <testcase classname="UITest.CustomerSortTests" name="SortAddressAscend" time="2.414"/>
  <testcase classname="UITest.CustomerSortTests" name="SortAddressDescend" time="2.415"/>
  <testcase classname="UITest.CustomerSortTests" name="SortCityDescend" time="2.393"/>
  <testcase classname="UITest.CustomerSortTests" name="SortPhoneAscend" time="2.425"/>
  <testcase classname="UITest.CustomerSortTests" name="SortNoteAscend" time="2.414"/>
  <testcase classname="UITest.CustomerSortTests" name="SortStateDescend" time="2.396"/>
  <testcase classname="UITest.CustomerSortTests" name="SortNameAscend" time="2.418"/>
  <testcase classname="UITest.CustomerSortTests" name="SortZipAscend" time="2.421"/>
  <testcase classname="UITest.CustomerSortTests" name="SortPhoneDescend" time="2.387"/>
  <testcase classname="UITest.CustomerSortTests" name="SortCodeAscend" time="2.456"/>
  <testcase classname="UITest.CustomerSortTests" name="SortZipDescend" time="2.384"/>
  <testcase classname="UITest.CustomerSortTests" name="SortStateAscend" time="2.434"/>
  <testcase classname="UITest.CustomerSortTests" name="SortCityAscend" time="2.448"/>
  <testcase classname="UITest.CustomerSortTests" name="SortCodeDescend" time="2.406"/>
  <testcase classname="UITest.CustomerSortTests" name="SortNameDescend" time="2.388"/>
</testsuite> <!-- UITest.CustomerSortTests -->
