<?xml version="1.0" encoding="UTF-8"?>
<!-- Generated by org.testng.reporters.JUnitReportReporter -->
<testsuite hostname="Aidan-Laptop" failures="0" tests="1" name="UITest.CustomerPageTests" time="0.030" errors="0" timestamp="1 May 2021 05:40:09 GMT">
  <testcase classname="UITest.CustomerPageTests" name="loginTest" time="0.030"/>
</testsuite> <!-- UITest.CustomerPageTests -->
