<?xml version="1.0" encoding="UTF-8"?>
<!-- Generated by org.testng.reporters.JUnitReportReporter -->
<testsuite hostname="Aidan-Laptop" failures="0" tests="6" name="UITest.CustomerPageTests" time="24.583" errors="0" timestamp="1 May 2021 06:41:59 GMT">
  <testcase classname="UITest.CustomerPageTests" name="PaginationLastPageTest" time="3.077"/>
  <testcase classname="UITest.CustomerPageTests" name="VerifySingelEditFormTest" time="9.219"/>
  <testcase classname="UITest.CustomerPageTests" name="PaginationPreviousPageTest" time="3.084"/>
  <testcase classname="UITest.CustomerPageTests" name="PaginationFirstPageTest" time="3.079"/>
  <testcase classname="UITest.CustomerPageTests" name="ViewTest" time="3.028"/>
  <testcase classname="UITest.CustomerPageTests" name="PaginationNextPageTest" time="3.096"/>
</testsuite> <!-- UITest.CustomerPageTests -->
