<?xml version="1.0" encoding="UTF-8"?>
<!-- Generated by org.testng.reporters.JUnitReportReporter -->
<testsuite hostname="Aidan-Laptop" failures="0" tests="16" name="UITest.CustomerSortTests" time="39.726" errors="0" timestamp="13 May 2021 19:26:29 GMT">
  <testcase classname="UITest.CustomerSortTests" name="SortNoteDescend" time="2.391"/>
  <testcase classname="UITest.CustomerSortTests" name="SortAddressAscend" time="2.441"/>
  <testcase classname="UITest.CustomerSortTests" name="SortAddressDescend" time="2.400"/>
  <testcase classname="UITest.CustomerSortTests" name="SortCityDescend" time="2.448"/>
  <testcase classname="UITest.CustomerSortTests" name="SortPhoneAscend" time="2.513"/>
  <testcase classname="UITest.CustomerSortTests" name="SortNoteAscend" time="2.468"/>
  <testcase classname="UITest.CustomerSortTests" name="SortStateDescend" time="2.893"/>
  <testcase classname="UITest.CustomerSortTests" name="SortNameAscend" time="2.499"/>
  <testcase classname="UITest.CustomerSortTests" name="SortZipAscend" time="2.513"/>
  <testcase classname="UITest.CustomerSortTests" name="SortPhoneDescend" time="2.382"/>
  <testcase classname="UITest.CustomerSortTests" name="SortCodeAscend" time="2.540"/>
  <testcase classname="UITest.CustomerSortTests" name="SortZipDescend" time="2.431"/>
  <testcase classname="UITest.CustomerSortTests" name="SortStateAscend" time="2.447"/>
  <testcase classname="UITest.CustomerSortTests" name="SortCityAscend" time="2.414"/>
  <testcase classname="UITest.CustomerSortTests" name="SortCodeDescend" time="2.501"/>
  <testcase classname="UITest.CustomerSortTests" name="SortNameDescend" time="2.445"/>
</testsuite> <!-- UITest.CustomerSortTests -->
