<?xml version="1.0" encoding="UTF-8"?>
<!-- Generated by org.testng.reporters.JUnitReportReporter -->
<testsuite hostname="Aidan-Laptop" failures="0" tests="14" name="UITest.CustomerPageTests" time="94.094" errors="0" timestamp="2 May 2021 06:22:36 GMT">
  <testcase classname="UITest.CustomerPageTests" name="VerifySingelDeleteTest" time="6.116"/>
  <testcase classname="UITest.CustomerPageTests" name="VerifyAddTest" time="11.727"/>
  <testcase classname="UITest.CustomerPageTests" name="PaginationNextPageTest" time="3.087"/>
  <testcase classname="UITest.CustomerPageTests" name="VerifySortDescendTest" time="2.385"/>
  <testcase classname="UITest.CustomerPageTests" name="ViewTest" time="3.022"/>
  <testcase classname="UITest.CustomerPageTests" name="VerifyMultiEditTest" time="31.285"/>
  <testcase classname="UITest.CustomerPageTests" name="PaginationLastPageTest" time="3.088"/>
  <testcase classname="UITest.CustomerPageTests" name="VerifyMultiDeleteTest" time="6.137"/>
  <testcase classname="UITest.CustomerPageTests" name="VerifySortAscendTest" time="2.396"/>
  <testcase classname="UITest.CustomerPageTests" name="SearchTest" time="6.308"/>
  <testcase classname="UITest.CustomerPageTests" name="VerifySingelEditFormTest" time="3.155"/>
  <testcase classname="UITest.CustomerPageTests" name="VerifySingelEditTest" time="9.236"/>
  <testcase classname="UITest.CustomerPageTests" name="PaginationFirstPageTest" time="3.078"/>
  <testcase classname="UITest.CustomerPageTests" name="PaginationPreviousPageTest" time="3.074"/>
</testsuite> <!-- UITest.CustomerPageTests -->
