<?xml version="1.0" encoding="UTF-8"?>
<!-- Generated by org.testng.reporters.JUnitReportReporter -->
<testsuite hostname="Aidan-Laptop" failures="0" tests="9" name="UITest.CustomerPageViewTests" time="22.886" errors="0" timestamp="10 May 2021 03:27:05 GMT">
  <testcase classname="UITest.CustomerPageViewTests" name="PaginationFirstPage" time="2.079"/>
  <testcase classname="UITest.CustomerPageViewTests" name="PaginationNextPage" time="2.121"/>
  <testcase classname="UITest.CustomerPageViewTests" name="CustomerTableView" time="2.031"/>
  <testcase classname="UITest.CustomerPageViewTests" name="PaginationItemsPerPage25" time="3.112"/>
  <testcase classname="UITest.CustomerPageViewTests" name="PaginationLastPage" time="2.084"/>
  <testcase classname="UITest.CustomerPageViewTests" name="PaginationItemsPerPage10" time="3.147"/>
  <testcase classname="UITest.CustomerPageViewTests" name="PaginationPreviousPage" time="2.085"/>
  <testcase classname="UITest.CustomerPageViewTests" name="PaginationItemsPerPage50" time="3.117"/>
  <testcase classname="UITest.CustomerPageViewTests" name="PaginationItemsPerPage100" time="3.110"/>
</testsuite> <!-- UITest.CustomerPageViewTests -->
