<?xml version="1.0" encoding="UTF-8"?>
<!-- Generated by org.testng.reporters.JUnitReportReporter -->
<testsuite hostname="Aidan-Laptop" failures="0" tests="6" name="UITest.CustomerCRUDTests" time="76.197" errors="0" timestamp="13 May 2021 20:09:24 GMT">
  <testcase classname="UITest.CustomerCRUDTests" name="CustomerMultiDelete" time="9.321"/>
  <testcase classname="UITest.CustomerCRUDTests" name="CustomerSingleDelete" time="8.264"/>
  <testcase classname="UITest.CustomerCRUDTests" name="CustomerSingelEditFormView" time="3.175"/>
  <testcase classname="UITest.CustomerCRUDTests" name="CustomerAddNewCustomer" time="12.801"/>
  <testcase classname="UITest.CustomerCRUDTests" name="CustomerSingleEdit" time="9.260"/>
  <testcase classname="UITest.CustomerCRUDTests" name="CustomerMultiEdit" time="33.376"/>
</testsuite> <!-- UITest.CustomerCRUDTests -->
