<?xml version="1.0" encoding="UTF-8"?>
<!-- Generated by org.testng.reporters.JUnitReportReporter -->
<testsuite hostname="Aidan-Laptop" failures="0" tests="10" name="UITest.CustomerSearchTests" time="66.031" errors="0" timestamp="12 May 2021 00:20:34 GMT">
  <testcase classname="UITest.CustomerSearchTests" name="SearchByOnlyCity" time="6.281"/>
  <testcase classname="UITest.CustomerSearchTests" name="SearchByOnlyState" time="6.259"/>
  <testcase classname="UITest.CustomerSearchTests" name="SearchByOnlyName" time="6.321"/>
  <testcase classname="UITest.CustomerSearchTests" name="SearchByOnlyZip" time="6.267"/>
  <testcase classname="UITest.CustomerSearchTests" name="SearchByMultipleNameAndAddress" time="7.333"/>
  <testcase classname="UITest.CustomerSearchTests" name="SearchByAllFields" time="5.280"/>
  <testcase classname="UITest.CustomerSearchTests" name="SearchByOnlyCode" time="7.410"/>
  <testcase classname="UITest.CustomerSearchTests" name="SearchByOnlyNote" time="6.291"/>
  <testcase classname="UITest.CustomerSearchTests" name="SearchByOnlyAddress" time="6.314"/>
  <testcase classname="UITest.CustomerSearchTests" name="SearchByOnlyPhone" time="8.275"/>
</testsuite> <!-- UITest.CustomerSearchTests -->
