<?xml version="1.0" encoding="UTF-8"?>
<!-- Generated by org.testng.reporters.JUnitReportReporter -->
<testsuite hostname="Aidan-Laptop" failures="0" tests="9" name="UITest.CustomerPageViewTests" time="22.912" errors="0" timestamp="9 May 2021 05:20:31 GMT">
  <testcase classname="UITest.CustomerPageViewTests" name="PaginationFirstPage" time="2.072"/>
  <testcase classname="UITest.CustomerPageViewTests" name="PaginationNextPage" time="2.117"/>
  <testcase classname="UITest.CustomerPageViewTests" name="CustomerTableView" time="2.033"/>
  <testcase classname="UITest.CustomerPageViewTests" name="PaginationItemsPerPage25" time="3.112"/>
  <testcase classname="UITest.CustomerPageViewTests" name="PaginationLastPage" time="2.088"/>
  <testcase classname="UITest.CustomerPageViewTests" name="PaginationItemsPerPage10" time="3.137"/>
  <testcase classname="UITest.CustomerPageViewTests" name="PaginationPreviousPage" time="2.101"/>
  <testcase classname="UITest.CustomerPageViewTests" name="PaginationItemsPerPage50" time="3.136"/>
  <testcase classname="UITest.CustomerPageViewTests" name="PaginationItemsPerPage100" time="3.116"/>
</testsuite> <!-- UITest.CustomerPageViewTests -->
