<?xml version="1.0" encoding="UTF-8"?>
<!-- Generated by org.testng.reporters.JUnitReportReporter -->
<testsuite hostname="Aidan-Laptop" failures="0" tests="5" name="UITest.CustomerPageTests" time="15.382" errors="0" timestamp="1 May 2021 06:08:38 GMT">
  <testcase classname="UITest.CustomerPageTests" name="PaginationLastPageTest" time="3.081"/>
  <testcase classname="UITest.CustomerPageTests" name="PaginationFirstPageTest" time="3.078"/>
  <testcase classname="UITest.CustomerPageTests" name="PaginationPreviousPageTest" time="3.090"/>
  <testcase classname="UITest.CustomerPageTests" name="ViewTest" time="3.030"/>
  <testcase classname="UITest.CustomerPageTests" name="PaginationNextPageTest" time="3.103"/>
</testsuite> <!-- UITest.CustomerPageTests -->
