<?xml version="1.0" encoding="UTF-8"?>
<!-- Generated by org.testng.reporters.JUnitReportReporter -->
<testsuite hostname="Aidan-Laptop" failures="0" tests="9" name="UITest.CustomerPageViewTests" time="22.834" errors="0" timestamp="16 May 2021 03:22:59 GMT">
  <testcase classname="UITest.CustomerPageViewTests" name="PaginationFirstPage" time="2.084"/>
  <testcase classname="UITest.CustomerPageViewTests" name="PaginationNextPage" time="2.113"/>
  <testcase classname="UITest.CustomerPageViewTests" name="CustomerTableView" time="2.032"/>
  <testcase classname="UITest.CustomerPageViewTests" name="PaginationItemsPerPage25" time="3.100"/>
  <testcase classname="UITest.CustomerPageViewTests" name="PaginationLastPage" time="2.080"/>
  <testcase classname="UITest.CustomerPageViewTests" name="PaginationItemsPerPage10" time="3.128"/>
  <testcase classname="UITest.CustomerPageViewTests" name="PaginationPreviousPage" time="2.086"/>
  <testcase classname="UITest.CustomerPageViewTests" name="PaginationItemsPerPage50" time="3.107"/>
  <testcase classname="UITest.CustomerPageViewTests" name="PaginationItemsPerPage100" time="3.104"/>
</testsuite> <!-- UITest.CustomerPageViewTests -->
