<?xml version="1.0" encoding="UTF-8"?>
<!-- Generated by org.testng.reporters.JUnitReportReporter -->
<testsuite hostname="Aidan-Laptop" failures="0" tests="6" name="UITest.CustomerCRUDTests" time="76.059" errors="0" timestamp="12 May 2021 00:31:11 GMT">
  <testcase classname="UITest.CustomerCRUDTests" name="CustomerMultiDelete" time="9.305"/>
  <testcase classname="UITest.CustomerCRUDTests" name="CustomerSingleDelete" time="8.253"/>
  <testcase classname="UITest.CustomerCRUDTests" name="CustomerSingelEditFormView" time="3.171"/>
  <testcase classname="UITest.CustomerCRUDTests" name="CustomerAddNewCustomer" time="12.786"/>
  <testcase classname="UITest.CustomerCRUDTests" name="CustomerSingleEdit" time="9.239"/>
  <testcase classname="UITest.CustomerCRUDTests" name="CustomerMultiEdit" time="33.305"/>
</testsuite> <!-- UITest.CustomerCRUDTests -->
